[2022-03-31 15:06:15,870] INFO [GroupCoordinator 0]: Preparing to rebalance group console-consumer-9795 in state PreparingRebalance with old generation 1 (__consumer_offsets-29) (reason: Removing member console-consumer-c785aa65-7c2b-448b-b9f3-45b176b948d3 on LeaveGroup) (kafka.coordinator.group.GroupCoordinator)
[2022-03-31 15:06:15,871] INFO [GroupCoordinator 0]: Group console-consumer-9795 with generation 2 is now empty (__consumer_offsets-29) (kafka.coordinator.group.GroupCoordinator)
[2022-03-31 15:06:15,872] INFO [GroupCoordinator 0]: Member MemberMetadata(memberId=console-consumer-c785aa65-7c2b-448b-b9f3-45b176b948d3, groupInstanceId=None, clientId=console-consumer, clientHost=/127.0.0.1, sessionTimeoutMs=45000, rebalanceTimeoutMs=300000, supportedProtocols=List(range, cooperative-sticky)) has left group console-consumer-9795 through explicit `LeaveGroup` request (kafka.coordinator.group.GroupCoordinator)
[2022-03-31 15:06:21,576] INFO [GroupCoordinator 0]: Dynamic member with unknown member id joins group console-consumer-67109 in Empty state. Created a new member id console-consumer-3508bfee-d784-45bc-af64-b0ce467a17de and request the member to rejoin with this id. (kafka.coordinator.group.GroupCoordinator)
[2022-03-31 15:06:21,578] INFO [GroupCoordinator 0]: Preparing to rebalance group console-consumer-67109 in state PreparingRebalance with old generation 0 (__consumer_offsets-24) (reason: Adding new member console-consumer-3508bfee-d784-45bc-af64-b0ce467a17de with group instance id None) (kafka.coordinator.group.GroupCoordinator)
[2022-03-31 15:06:21,579] INFO [GroupCoordinator 0]: Stabilized group console-consumer-67109 generation 1 (__consumer_offsets-24) with 1 members (kafka.coordinator.group.GroupCoordinator)
[2022-03-31 15:06:21,585] INFO [GroupCoordinator 0]: Assignment received from leader console-consumer-3508bfee-d784-45bc-af64-b0ce467a17de for group console-consumer-67109 for generation 1. The group has 1 members, 0 of which are static. (kafka.coordinator.group.GroupCoordinator)
[2022-03-31 15:15:50,941] INFO [GroupMetadataManager brokerId=0] Group console-consumer-9795 transitioned to Dead in generation 2 (kafka.coordinator.group.GroupMetadataManager)
[2022-03-31 15:26:26,198] INFO [GroupCoordinator 0]: Preparing to rebalance group console-consumer-67109 in state PreparingRebalance with old generation 1 (__consumer_offsets-24) (reason: Removing member console-consumer-3508bfee-d784-45bc-af64-b0ce467a17de on LeaveGroup) (kafka.coordinator.group.GroupCoordinator)
[2022-03-31 15:26:26,199] INFO [GroupCoordinator 0]: Group console-consumer-67109 with generation 2 is now empty (__consumer_offsets-24) (kafka.coordinator.group.GroupCoordinator)
[2022-03-31 15:26:26,200] INFO [GroupCoordinator 0]: Member MemberMetadata(memberId=console-consumer-3508bfee-d784-45bc-af64-b0ce467a17de, groupInstanceId=None, clientId=console-consumer, clientHost=/127.0.0.1, sessionTimeoutMs=45000, rebalanceTimeoutMs=300000, supportedProtocols=List(range, cooperative-sticky)) has left group console-consumer-67109 through explicit `LeaveGroup` request (kafka.coordinator.group.GroupCoordinator)
[2022-03-31 15:26:31,635] INFO [GroupCoordinator 0]: Dynamic member with unknown member id joins group console-consumer-29422 in Empty state. Created a new member id console-consumer-297ff6bf-7f7b-4303-ac5d-e041e8e220a0 and request the member to rejoin with this id. (kafka.coordinator.group.GroupCoordinator)
[2022-03-31 15:26:31,638] INFO [GroupCoordinator 0]: Preparing to rebalance group console-consumer-29422 in state PreparingRebalance with old generation 0 (__consumer_offsets-10) (reason: Adding new member console-consumer-297ff6bf-7f7b-4303-ac5d-e041e8e220a0 with group instance id None) (kafka.coordinator.group.GroupCoordinator)
[2022-03-31 15:26:31,638] INFO [GroupCoordinator 0]: Stabilized group console-consumer-29422 generation 1 (__consumer_offsets-10) with 1 members (kafka.coordinator.group.GroupCoordinator)
[2022-03-31 15:26:31,644] INFO [GroupCoordinator 0]: Assignment received from leader console-consumer-297ff6bf-7f7b-4303-ac5d-e041e8e220a0 for group console-consumer-29422 for generation 1. The group has 1 members, 0 of which are static. (kafka.coordinator.group.GroupCoordinator)
[2022-03-31 15:26:33,310] INFO [GroupCoordinator 0]: Preparing to rebalance group console-consumer-29422 in state PreparingRebalance with old generation 1 (__consumer_offsets-10) (reason: Removing member console-consumer-297ff6bf-7f7b-4303-ac5d-e041e8e220a0 on LeaveGroup) (kafka.coordinator.group.GroupCoordinator)
[2022-03-31 15:26:33,310] INFO [GroupCoordinator 0]: Group console-consumer-29422 with generation 2 is now empty (__consumer_offsets-10) (kafka.coordinator.group.GroupCoordinator)
[2022-03-31 15:26:33,312] INFO [GroupCoordinator 0]: Member MemberMetadata(memberId=console-consumer-297ff6bf-7f7b-4303-ac5d-e041e8e220a0, groupInstanceId=None, clientId=console-consumer, clientHost=/127.0.0.1, sessionTimeoutMs=45000, rebalanceTimeoutMs=300000, supportedProtocols=List(range, cooperative-sticky)) has left group console-consumer-29422 through explicit `LeaveGroup` request (kafka.coordinator.group.GroupCoordinator)
[2022-03-31 15:26:38,031] INFO [GroupCoordinator 0]: Dynamic member with unknown member id joins group console-consumer-18896 in Empty state. Created a new member id console-consumer-c7211c4d-9791-4485-ab4f-47c32b3a97b6 and request the member to rejoin with this id. (kafka.coordinator.group.GroupCoordinator)
[2022-03-31 15:26:38,033] INFO [GroupCoordinator 0]: Preparing to rebalance group console-consumer-18896 in state PreparingRebalance with old generation 0 (__consumer_offsets-13) (reason: Adding new member console-consumer-c7211c4d-9791-4485-ab4f-47c32b3a97b6 with group instance id None) (kafka.coordinator.group.GroupCoordinator)
[2022-03-31 15:26:38,034] INFO [GroupCoordinator 0]: Stabilized group console-consumer-18896 generation 1 (__consumer_offsets-13) with 1 members (kafka.coordinator.group.GroupCoordinator)
[2022-03-31 15:26:38,040] INFO [GroupCoordinator 0]: Assignment received from leader console-consumer-c7211c4d-9791-4485-ab4f-47c32b3a97b6 for group console-consumer-18896 for generation 1. The group has 1 members, 0 of which are static. (kafka.coordinator.group.GroupCoordinator)
[2022-03-31 15:31:26,386] INFO [GroupCoordinator 0]: Preparing to rebalance group console-consumer-18896 in state PreparingRebalance with old generation 1 (__consumer_offsets-13) (reason: Removing member console-consumer-c7211c4d-9791-4485-ab4f-47c32b3a97b6 on LeaveGroup) (kafka.coordinator.group.GroupCoordinator)
[2022-03-31 15:31:26,386] INFO [GroupCoordinator 0]: Group console-consumer-18896 with generation 2 is now empty (__consumer_offsets-13) (kafka.coordinator.group.GroupCoordinator)
[2022-03-31 15:31:26,388] INFO [GroupCoordinator 0]: Member MemberMetadata(memberId=console-consumer-c7211c4d-9791-4485-ab4f-47c32b3a97b6, groupInstanceId=None, clientId=console-consumer, clientHost=/127.0.0.1, sessionTimeoutMs=45000, rebalanceTimeoutMs=300000, supportedProtocols=List(range, cooperative-sticky)) has left group console-consumer-18896 through explicit `LeaveGroup` request (kafka.coordinator.group.GroupCoordinator)
[2022-03-31 15:31:28,665] INFO [GroupCoordinator 0]: Dynamic member with unknown member id joins group console-consumer-57826 in Empty state. Created a new member id console-consumer-4c1efd09-4f56-45dd-a36f-c12228a17478 and request the member to rejoin with this id. (kafka.coordinator.group.GroupCoordinator)
[2022-03-31 15:31:28,667] INFO [GroupCoordinator 0]: Preparing to rebalance group console-consumer-57826 in state PreparingRebalance with old generation 0 (__consumer_offsets-39) (reason: Adding new member console-consumer-4c1efd09-4f56-45dd-a36f-c12228a17478 with group instance id None) (kafka.coordinator.group.GroupCoordinator)
[2022-03-31 15:31:28,667] INFO [GroupCoordinator 0]: Stabilized group console-consumer-57826 generation 1 (__consumer_offsets-39) with 1 members (kafka.coordinator.group.GroupCoordinator)
[2022-03-31 15:31:28,673] INFO [GroupCoordinator 0]: Assignment received from leader console-consumer-4c1efd09-4f56-45dd-a36f-c12228a17478 for group console-consumer-57826 for generation 1. The group has 1 members, 0 of which are static. (kafka.coordinator.group.GroupCoordinator)
[2022-03-31 15:35:50,941] INFO [GroupMetadataManager brokerId=0] Group console-consumer-67109 transitioned to Dead in generation 2 (kafka.coordinator.group.GroupMetadataManager)
[2022-03-31 15:35:50,942] INFO [GroupMetadataManager brokerId=0] Group console-consumer-18896 transitioned to Dead in generation 2 (kafka.coordinator.group.GroupMetadataManager)
[2022-03-31 15:35:50,943] INFO [GroupMetadataManager brokerId=0] Group console-consumer-29422 transitioned to Dead in generation 2 (kafka.coordinator.group.GroupMetadataManager)
[2022-03-31 15:39:21,021] INFO [GroupCoordinator 0]: Preparing to rebalance group console-consumer-57826 in state PreparingRebalance with old generation 1 (__consumer_offsets-39) (reason: Removing member console-consumer-4c1efd09-4f56-45dd-a36f-c12228a17478 on LeaveGroup) (kafka.coordinator.group.GroupCoordinator)
[2022-03-31 15:39:21,021] INFO [GroupCoordinator 0]: Group console-consumer-57826 with generation 2 is now empty (__consumer_offsets-39) (kafka.coordinator.group.GroupCoordinator)
[2022-03-31 15:39:21,022] INFO [GroupCoordinator 0]: Member MemberMetadata(memberId=console-consumer-4c1efd09-4f56-45dd-a36f-c12228a17478, groupInstanceId=None, clientId=console-consumer, clientHost=/127.0.0.1, sessionTimeoutMs=45000, rebalanceTimeoutMs=300000, supportedProtocols=List(range, cooperative-sticky)) has left group console-consumer-57826 through explicit `LeaveGroup` request (kafka.coordinator.group.GroupCoordinator)
[2022-03-31 15:45:50,941] INFO [GroupMetadataManager brokerId=0] Group console-consumer-57826 transitioned to Dead in generation 2 (kafka.coordinator.group.GroupMetadataManager)
